Arguments: 
  /usr/local/Cellar/node/12.3.1/bin/node /Users/colin/.yarn/bin/yarn.js add bcrypt body-parser compression express mongoose react react-dom @reach/router

PATH: 
  /Users/colin/.rvm/gems/ruby-2.6.3/bin:/Users/colin/.rvm/gems/ruby-2.6.3@global/bin:/Users/colin/.rvm/rubies/ruby-2.6.3/bin:/Users/colin/.yarn/bin:/Users/colin/.config/yarn/global/node_modules/.bin:/Users/colin/anaconda/bin:/usr/local/bin:/usr/bin:/bin:/usr/sbin:/sbin:/Users/colin/.rvm/gems/ruby-2.6.3/bin:/Users/colin/.rvm/gems/ruby-2.6.3@global/bin:/Users/colin/.rvm/rubies/ruby-2.6.3/bin:/Users/colin/.yarn/bin:/Users/colin/.config/yarn/global/node_modules/.bin:/Users/colin/anaconda/bin:/Users/colin/.rvm/bin

Yarn version: 
  1.16.0

Node version: 
  12.3.1

Platform: 
  darwin x64

Trace: 
  SyntaxError: /development/git/react/winetracker-react/package.json: Unexpected token : in JSON at position 39
      at JSON.parse (<anonymous>)
      at /Users/colin/.yarn/lib/cli.js:1625:59
      at Generator.next (<anonymous>)
      at step (/Users/colin/.yarn/lib/cli.js:304:30)
      at /Users/colin/.yarn/lib/cli.js:315:13

npm manifest: 
  {
    "scripts": {
      "format": "format": "prettier --write \"src/**/*.{js,jsx}\"",
      "build:dev": "NODE_ENV=development parcel src/index.html",
      "dev": "NODE_ENV=development nodemon server.js",
      "start": "node server.js",
      "test": "echo \"Error: no test specified\" && exit 1",
    },
    "dependencies": {},
    "devDependencies": {},
    "browserslist": [
      "last 2 Chrome versions",
      "last 2 ChromeAndroid versions",
      "last 2 Firefox versions",
      "last 2 FirefoxAndroid versions",
      "last 2 Safari versions",
      "last 2 iOS versions",
      "last 2 Edge versions",
      "last 2 Opera versions",
      "last 2 OperaMobile versions"
    ],
    "author": "Colin Cherot",
    "license": "Apache 2.0",
    "name": "winetracker-react",
    "version": "0.1.0",
    "description": "This is the react version of a wine cellar app that I originally started building on the MEAN stack.  This is built on the MERRN stack. ;-)"
  }

yarn manifest: 
  No manifest

Lockfile: 
  No lockfile
